🎯 Initiating MARKET-WIDE Sniper Scan...
  Fetching full security list...
🎯 Initiating MARKET-WIDE Sniper Scan...
  Fetching full security list...
🎯 Initiating MARKET-WIDE Sniper Scan...
  Fetching full security list...
  Scanning 552 symbols. This may take a few minutes...
    Progress: 10/552 stocks...
    Progress: 20/552 stocks...
    Progress: 30/552 stocks...
    Progress: 40/552 stocks...
    Progress: 50/552 stocks...
    Progress: 60/552 stocks...
    Progress: 70/552 stocks...
    Progress: 80/552 stocks...
    Progress: 90/552 stocks...
    Progress: 100/552 stocks...
    Progress: 110/552 stocks...
    Progress: 120/552 stocks...
    Progress: 130/552 stocks...
    Progress: 140/552 stocks...
    Progress: 150/552 stocks...
    Progress: 160/552 stocks...
    Progress: 170/552 stocks...
    Progress: 180/552 stocks...
    Progress: 190/552 stocks...
    Progress: 200/552 stocks...
    Progress: 210/552 stocks...
    Progress: 220/552 stocks...
    Progress: 230/552 stocks...
    Progress: 240/552 stocks...
    Progress: 250/552 stocks...
    Progress: 260/552 stocks...
    Progress: 270/552 stocks...
    Progress: 280/552 stocks...
    Progress: 290/552 stocks...
    Progress: 300/552 stocks...
    Progress: 310/552 stocks...
    Progress: 320/552 stocks...
    Progress: 330/552 stocks...
    Progress: 340/552 stocks...
    Progress: 350/552 stocks...
    Progress: 360/552 stocks...
    Progress: 370/552 stocks...
    Progress: 380/552 stocks...
    Progress: 390/552 stocks...
    Progress: 400/552 stocks...
    Progress: 410/552 stocks...
    Progress: 420/552 stocks...
    Progress: 430/552 stocks...
    Progress: 440/552 stocks...
    Progress: 450/552 stocks...
    Progress: 460/552 stocks...
    Progress: 470/552 stocks...
    Progress: 480/552 stocks...
    Progress: 490/552 stocks...
    Progress: 500/552 stocks...
    Progress: 510/552 stocks...
    Progress: 520/552 stocks...
    Progress: 530/552 stocks...
    Progress: 540/552 stocks...
    Progress: 550/552 stocks...

✅ Scan Finished.
{"ok":true,"result":{"message_id":240,"from":{"id":8618135314,"is_bot":true,"first_name":"JBBL_Whale_Bot","username":"jbbl_whale_bot"},"chat":{"id":8563709547,"first_name":"insight","last_name":"xnepal","type":"private"},"date":1780039254,"text":"\ud83c\udfaf MARKET SNIPER: BUY/SELL SIGNALS\n\n\u2022 USHL: \ud83d\uded1 SELL SIGNAL\n  Price: Rs. 634.6 | RSI: 47.4 | MACD: -13.28\n\u2022 ACLBSL: \ud83d\uded1 SELL SIGNAL\n  Price: Rs. 966.6 | RSI: 60.5 | MACD: -4.73\n\u2022 ACLBSLP: \ud83d\uded1 SELL SIGNAL\n  Price: Rs. 613.0 | RSI: 0.0 | MACD: 0.00\n\u2022 ANLB: \ud83d\uded1 SELL SIGNAL\n  Price: Rs. 5969.9 | RSI: 51.4 | MACD: -87.55\n\u2022 ADBLD83: \ud83d\uded1 SELL SIGNAL\n  Price: Rs. 1051.8 | RSI: 34.0 | MACD: -1.90\n\u2022 ALBSL: \ud83d\uded1 SELL SIGNAL\n  Price: Rs. 1128.9 | RSI: 58.6 | MACD: -4.88\n\u2022 ALBSLP: \ud83d\uded1 SELL SIGNAL\n  Price: Rs. 549.0 | RSI: 0.0 | MACD: 0.00\n\u2022 AHL: \ud83d\uded1 SELL SIGNAL\n  Price: Rs. 507.7 | RSI: 49.4 | MACD: -4.69\n\u2022 ALICLP: \ud83d\uded1 SELL SIGNAL\n  Price: Rs. 252.0 | RSI: 0.0 | MACD: -16.62\n\u2022 ALICL: \ud83d\uded1 SELL SIGNAL\n  Price: Rs. 454.0 | RSI: 53.5 | MACD: -1.85\n\u2022 BOKD86KA: \ud83d\uded1 SELL SIGNAL\n  Price: Rs. 1204.0 | RSI: 0.0 | MACD: 0.26\n\u2022 BHPL: \ud83d\uded1 SELL SIGNAL\n  Price: Rs. 538.7 | RSI: 62.3 | MACD: -2.88\n\u2022 BFC: \ud83d\uded1 SELL SIGNAL\n  Price: Rs. 459.4 | RSI: 60.0 | MACD: -1.34\n\u2022 BFCPO: \ud83d\uded1 SELL SIGNAL\n  Price: Rs. 250.0 | RSI: 0.0 | MACD: -6.60\n\u2022 BGWT: \ud83d\uded1 SELL SIGNAL\n  Price: Rs. 673.0 | RSI: 60.7 | MACD: -15.46\n\u2022 BEDC: \ud83d\uded1 SELL SIGNAL\n  Price: Rs. 378.6 | RSI: 64.4 | MACD: -11.95\n\u2022 BBC: \ud83d\uded1 SELL SIGNAL\n  Price: Rs. 4836.0 | RSI: 53.7 | MACD: -11.87\n\u2022 BNL: \ud83d\uded1 SELL SIGNAL\n  Price: Rs. 14551.0 | RSI: 45.5 | MACD: -176.68\n\u2022 BNHC: \ud83d\uded1 SELL SIGNAL\n  Price: Rs. 338.2 | RSI: 67.3 | MACD: -2.08\n\u2022 BPCL: \ud83d\uded1 SELL SIGNAL\n  Price: Rs. 696.9 | RSI: 65.9 | MACD: 2.09\n\u2022 CHDC: \ud83d\uded1 SELL SIGNAL\n  Price: Rs. 2314.0 | RSI: 63.1 | MACD: -14.57\n\u2022 CFCL: \ud83d\uded1 SELL SIGNAL\n  Price: Rs. 504.9 | RSI: 64.0 | MACD: -2.88\n\u2022 CGH: \ud83d\uded1 SELL SIGNAL\n  Price: Rs. 804.9 | RSI: 51.9 | MACD: -5.26\n\u2022 CBBLPO: \ud83d\uded1 SELL SIGNAL\n  Price: Rs. 395.0 | RSI: 0.0 | MACD: 0.04\n\u2022 CIT: \ud83d\uded1 SELL SIGNAL\n  Price: Rs. 1779.0 | RSI: 62.3 | MACD: -3.72\n\u2022 CLI: \ud83d\uded1 SELL SIGNAL\n  Price: Rs. 458.0 | RSI: 59.6 | MACD: -1.91\n\u2022 CIZBD90: \ud83d\uded1 SELL SIGNAL\n  Price: Rs. 1195.0 | RSI: 23.9 | MACD: -24.19\n\u2022 CZBILP: \ud83d\uded1 SELL SIGNAL\n  Price: Rs. 109.0 | RSI: 0.0 | MACD: 0.48\n\u2022 CZBIL: \ud83d\uded1 SELL SIGNAL\n  Price: Rs. 206.0 | RSI: 58.0 | MACD: -0.63\n\u2022 CITY: \ud83d\uded1 SELL SIGNAL\n  Price: Rs. 384.9 | RSI: 35.9 | MACD: -22.17\n\u2022 CBLD88: \ud83d\uded1 SELL SIGNAL\n  Price: Rs. 1160.0 | RSI: 40.0 | MACD: -6.80\n\u2022 CORBL: \ud83d\uded1 SELL SIGNAL\n  Price: Rs. 1991.0 | RSI: 49.6 | MACD: 3.19\n\u2022 CYCL: \ud83d\uded1 SELL SIGNAL\n  Price: Rs. 1470.0 | RSI: 54.6 | MACD: -15.62\n\u2022 CYCLP: \ud83d\uded1 SELL SIGNAL\n  Price: Rs. 831.0 | RSI: 0.0 | MACD: -2.06\n\u2022 DLBS: \ud83d\uded1 SELL SIGNAL\n  Price: Rs. 1315.0 | RSI: 53.4 | MACD: -5.14\n\u2022 DOLTI: \ud83d\uded1 SELL SIGNAL\n  Price: Rs. 362.0 | RSI: 67.3 | MACD: -16.48\n\u2022 EHPL: \ud83d\uded1 SELL SIGNAL\n  Price: Rs. 402.0 | RSI: 62.9 | MACD: -1.62\n\u2022 ENL: \ud83d\uded1 SELL SIGNAL\n  Price: Rs. 894.0 | RSI: 51.9 | MACD: -2.19\n\u2022 EBLD86: \ud83d\uded1 SELL SIGNAL\n  Price: Rs. 1060.0 | RSI: 45.5 | MACD: -1.70\n\u2022 EBLD85: \ud83d\uded1 SELL SIGNAL\n  Price: Rs. 1160.0 | RSI: 49.2 | MACD: 3.15\n\u2022 EDBL: \ud83d\uded1 SELL SIGNAL\n  Price: Rs. 582.8 | RSI: 61.1 | MACD: -0.78\n\u2022 FMDBL: \ud83d\uded1 SELL SIGNAL\n  Price: Rs. 792.0 | RSI: 48.8 | MACD: -6.92\n\u2022 FOWAD: \ud83d\uded1 SELL SIGNAL\n  Price: Rs. 1062.0 | RSI: 30.8 | MACD: -22.35\n\u2022 FOWADP: \ud83d\uded1 SELL SIGNAL\n  Price: Rs. 660.0 | RSI: 0.0 | MACD: 0.00\n\u2022 GMFBS: \ud83d\uded1 SELL SIGNAL\n  Price: Rs. 1308.9 | RSI: 51.0 | MACD: -15.88\n\u2022 GBBLPO: \ud83d\uded1 SELL SIGNAL\n  Price: Rs. 242.0 | RSI: 0.0 | MACD: 1.17\n\u2022 GIBF1: \ud83d\uded1 SELL SIGNAL\n  Price: Rs. 10.87 | RSI: 61.8 | MACD: 0.00\n\u2022 GBIMEP: \ud83d\uded1 SELL SIGNAL\n  Price: Rs. 100.0 | RSI: 0.0 | MACD: -0.00\n\u2022 GFCL: \ud83d\uded1 SELL SIGNAL\n  Price: Rs. 623.0 | RSI: 57.7 | MACD: -2.05\n\u2022 GWFD83: \ud83d\uded1 SELL SIGNAL\n  Price: Rs. 1090.0 | RSI: 0.0 | MACD: -5.39\n\u2022 GBLBSP: \ud83d\uded1 SELL SIGNAL\n  Price: Rs. 0.0 | RSI: 0.0 | MACD: -0.32\n\u2022 GRDBLP: \ud83d\uded1 SELL SIGNAL\n  Price: Rs. 649.0 | RSI: 0.0 | MACD: 0.20\n\u2022 GMLI: \ud83d\uded1 SELL SIGNAL\n  Price: Rs. 1282.0 | RSI: 50.2 | MACD: -49.44\n\u2022 GMFIL: \ud83d\uded1 SELL SIGNAL\n  Price: Rs. 464.5 | RSI: 56.3 | MACD: -1.28\n\u2022 GLBSL: \ud83d\uded1 SELL SIGNAL\n  Price: Rs. 1822.0 | RSI: 57.4 | MACD: -3.02\n\u2022 HATHY: \ud83d\uded1 SELL SIGNAL\n  Price: Rs. 800.0 | RSI: 47.2 | MACD: -16.97\n\u2022 HURJA: \ud83d\uded1 SELL SIGNAL\n  Price: Rs. 262.\n...(truncated)","entities":[{"offset":3,"length":31,"type":"bold"},{"offset":38,"length":4,"type":"bold"},{"offset":107,"length":6,"type":"bold"},{"offset":177,"length":7,"type":"bold"},{"offset":246,"length":4,"type":"bold"},{"offset":316,"length":7,"type":"bold"},{"offset":388,"length":5,"type":"bold"},{"offset":458,"length":6,"type":"bold"},{"offset":526,"length":3,"type":"bold"},{"offset":593,"length":6,"type":"bold"},{"offset":663,"length":5,"type":"bold"},{"offset":732,"length":8,"type":"bold"},{"offset":803,"length":4,"type":"bold"},{"offset":871,"length":3,"type":"bold"},{"offset":938,"length":5,"type":"bold"},{"offset":1006,"length":4,"type":"bold"},{"offset":1075,"length":4,"type":"bold"},{"offset":1144,"length":3,"type":"bold"},{"offset":1213,"length":3,"type":"bold"},{"offset":1284,"length":4,"type":"bold"},{"offset":1352,"length":4,"type":"bold"},{"offset":1419,"length":4,"type":"bold"},{"offset":1489,"length":4,"type":"bold"},{"offset":1557,"length":3,"type":"bold"},{"offset":1624,"length":6,"type":"bold"},{"offset":1692,"length":3,"type":"bold"},{"offset":1760,"length":3,"type":"bold"},{"offset":1827,"length":7,"type":"bold"},{"offset":1900,"length":6,"type":"bold"},{"offset":1968,"length":5,"type":"bold"},{"offset":2037,"length":4,"type":"bold"},{"offset":2106,"length":6,"type":"bold"},{"offset":2177,"length":5,"type":"bold"},{"offset":2246,"length":4,"type":"bold"},{"offset":2316,"length":5,"type":"bold"},{"offset":2384,"length":4,"type":"bold"},{"offset":2453,"length":5,"type":"bold"},{"offset":2523,"length":4,"type":"bold"},{"offset":2591,"length":3,"type":"bold"},{"offset":2658,"length":6,"type":"bold"},{"offset":2729,"length":6,"type":"bold"},{"offset":2799,"length":4,"type":"bold"},{"offset":2867,"length":5,"type":"bold"},{"offset":2936,"length":5,"type":"bold"},{"offset":3007,"length":6,"type":"bold"},{"offset":3075,"length":5,"type":"bold"},{"offset":3146,"length":6,"type":"bold"},{"offset":3214,"length":5,"type":"bold"},{"offset":3282,"length":6,"type":"bold"},{"offset":3351,"length":4,"type":"bold"},{"offset":3419,"length":6,"type":"bold"},{"offset":3489,"length":6,"type":"bold"},{"offset":3556,"length":6,"type":"bold"},{"offset":3624,"length":4,"type":"bold"},{"offset":3694,"length":5,"type":"bold"},{"offset":3763,"length":5,"type":"bold"},{"offset":3833,"length":5,"type":"bold"},{"offset":3903,"length":5,"type":"bold"}]}}
🎯 Initiating MARKET-WIDE Sniper Scan...
  Fetching full security list...
🎯 Initiating MARKET-WIDE Sniper Scan...
  Fetching full security list...
🎯 Initiating MARKET-WIDE Sniper Scan...
  Fetching full security list...
🎯 Initiating MARKET-WIDE Sniper Scan...
  Fetching full security list...
🎯 Initiating MARKET-WIDE Sniper Scan...
  Fetching full security list...
  Scanning 554 symbols. This may take a few minutes...
    Progress: 10/554 stocks...
    Progress: 20/554 stocks...
    Progress: 30/554 stocks...
    Progress: 40/554 stocks...
    Progress: 50/554 stocks...
    Progress: 60/554 stocks...
    Progress: 70/554 stocks...
    Progress: 80/554 stocks...
    Progress: 90/554 stocks...
    Progress: 100/554 stocks...
    Progress: 110/554 stocks...
    Progress: 120/554 stocks...
    Progress: 130/554 stocks...
    Progress: 140/554 stocks...
    Progress: 150/554 stocks...
    Progress: 160/554 stocks...
    Progress: 170/554 stocks...
    Progress: 180/554 stocks...
    Progress: 190/554 stocks...
    Progress: 200/554 stocks...
    Progress: 210/554 stocks...
    Progress: 220/554 stocks...
    Progress: 230/554 stocks...
    Progress: 240/554 stocks...
    Progress: 250/554 stocks...
    Progress: 260/554 stocks...
    Progress: 270/554 stocks...
    Progress: 280/554 stocks...
    Progress: 290/554 stocks...
    Progress: 300/554 stocks...
    Progress: 310/554 stocks...
    Progress: 320/554 stocks...
    Progress: 330/554 stocks...
    Progress: 340/554 stocks...
    Progress: 350/554 stocks...
    Progress: 360/554 stocks...
    Progress: 370/554 stocks...
    Progress: 380/554 stocks...
    Progress: 390/554 stocks...
    Progress: 400/554 stocks...
    Progress: 410/554 stocks...
    Progress: 420/554 stocks...
    Progress: 430/554 stocks...
    Progress: 440/554 stocks...
    Progress: 450/554 stocks...
    Progress: 460/554 stocks...
    Progress: 470/554 stocks...
    Progress: 480/554 stocks...
    Progress: 490/554 stocks...
    Progress: 500/554 stocks...
    Progress: 510/554 stocks...
    Progress: 520/554 stocks...
    Progress: 530/554 stocks...
    Progress: 540/554 stocks...
    Progress: 550/554 stocks...

✅ Scan Finished.
{"ok":true,"result":{"message_id":263,"from":{"id":8618135314,"is_bot":true,"first_name":"JBBL_Whale_Bot","username":"jbbl_whale_bot"},"chat":{"id":8563709547,"first_name":"insight","last_name":"xnepal","type":"private"},"date":1780498880,"text":"\ud83c\udfaf MARKET SNIPER: BUY/SELL SIGNALS\n\n\u2022 USHL: \ud83d\uded1 SELL SIGNAL\n  Price: Rs. 620.0 | RSI: 36.6 | MACD: -12.63\n\u2022 ACLBSL: \ud83d\uded1 SELL SIGNAL\n  Price: Rs. 955.0 | RSI: 47.5 | MACD: -4.39\n\u2022 ACLBSLP: \ud83d\uded1 SELL SIGNAL\n  Price: Rs. 613.0 | RSI: 0.0 | MACD: 0.00\n\u2022 ANLB: \ud83d\uded1 SELL SIGNAL\n  Price: Rs. 5800.0 | RSI: 27.4 | MACD: -93.91\n\u2022 AHPC: \ud83d\uded1 SELL SIGNAL\n  Price: Rs. 280.0 | RSI: 42.5 | MACD: -0.32\n\u2022 ALBSL: \ud83d\uded1 SELL SIGNAL\n  Price: Rs. 1119.0 | RSI: 50.1 | MACD: -5.91\n\u2022 AHL: \ud83d\uded1 SELL SIGNAL\n  Price: Rs. 496.4 | RSI: 45.0 | MACD: -5.87\n\u2022 ALICLP: \ud83d\uded1 SELL SIGNAL\n  Price: Rs. 252.0 | RSI: 0.0 | MACD: -14.50\n\u2022 ALICL: \ud83d\uded1 SELL SIGNAL\n  Price: Rs. 456.0 | RSI: 46.8 | MACD: -1.23\n\u2022 AVYAN: \ud83d\uded1 SELL SIGNAL\n  Price: Rs. 1111.1 | RSI: 37.2 | MACD: 0.74\n\u2022 BOKD86KA: \ud83d\uded1 SELL SIGNAL\n  Price: Rs. 1204.0 | RSI: 0.0 | MACD: 0.22\n\u2022 BOKD86: \ud83d\uded1 SELL SIGNAL\n  Price: Rs. 1085.0 | RSI: 93.8 | MACD: -0.15\n\u2022 BHPL: \ud83d\uded1 SELL SIGNAL\n  Price: Rs. 526.1 | RSI: 46.8 | MACD: -3.06\n\u2022 BARUN: \ud83d\uded1 SELL SIGNAL\n  Price: Rs. 345.0 | RSI: 42.8 | MACD: -0.77\n\u2022 BFC: \u26a0\ufe0f BUY BLOCKED (FILTERED)\n  Price: Rs. 478.2 | RSI: 59.3 | MACD: 0.35\n\u2022 BFCPO: \ud83d\uded1 SELL SIGNAL\n  Price: Rs. 250.0 | RSI: 0.0 | MACD: -6.55\n\u2022 BGWT: \ud83d\uded1 SELL SIGNAL\n  Price: Rs. 672.0 | RSI: 50.0 | MACD: -13.74\n\u2022 BHDC: \ud83d\uded1 SELL SIGNAL\n  Price: Rs. 466.0 | RSI: 43.4 | MACD: -0.10\n\u2022 BNL: \ud83d\uded1 SELL SIGNAL\n  Price: Rs. 14118.2 | RSI: 39.4 | MACD: -206.04\n\u2022 BNHC: \ud83d\uded1 SELL SIGNAL\n  Price: Rs. 335.0 | RSI: 49.6 | MACD: -1.65\n\u2022 BPCL: \ud83d\uded1 SELL SIGNAL\n  Price: Rs. 688.8 | RSI: 52.0 | MACD: 0.62\n\u2022 CMF2: \ud83d\uded1 SELL SIGNAL\n  Price: Rs. 9.9 | RSI: 46.6 | MACD: -0.00\n\u2022 CHDC: \ud83d\uded1 SELL SIGNAL\n  Price: Rs. 2288.0 | RSI: 40.3 | MACD: -12.95\n\u2022 CCBD88: \ud83d\uded1 SELL SIGNAL\n  Price: Rs. 1227.0 | RSI: 60.7 | MACD: 6.77\n\u2022 CGH: \ud83d\uded1 SELL SIGNAL\n  Price: Rs. 799.4 | RSI: 32.2 | MACD: -5.25\n\u2022 CBBLPO: \ud83d\uded1 SELL SIGNAL\n  Price: Rs. 395.0 | RSI: 0.0 | MACD: 0.03\n\u2022 CKHL: \ud83d\uded1 SELL SIGNAL\n  Price: Rs. 675.0 | RSI: 48.6 | MACD: -1.65\n\u2022 CIT: \ud83d\uded1 SELL SIGNAL\n  Price: Rs. 1770.0 | RSI: 47.1 | MACD: -2.56\n\u2022 CLI: \ud83d\uded1 SELL SIGNAL\n  Price: Rs. 454.3 | RSI: 40.5 | MACD: -1.73\n\u2022 CZBILP: \ud83d\uded1 SELL SIGNAL\n  Price: Rs. 109.0 | RSI: 0.0 | MACD: 0.44\n\u2022 CZBIL: \ud83d\uded1 SELL SIGNAL\n  Price: Rs. 204.9 | RSI: 44.8 | MACD: -0.78\n\u2022 CITY: \ud83d\uded1 SELL SIGNAL\n  Price: Rs. 374.4 | RSI: 31.5 | MACD: -21.81\n\u2022 CBLD88: \ud83d\uded1 SELL SIGNAL\n  Price: Rs. 1192.0 | RSI: 52.1 | MACD: -3.73\n\u2022 CORBL: \ud83d\uded1 SELL SIGNAL\n  Price: Rs. 2000.1 | RSI: 45.8 | MACD: -3.52\n\u2022 CREST: \ud83d\uded1 SELL SIGNAL\n  Price: Rs. 1226.2 | RSI: 56.1 | MACD: 14.45\n\u2022 CYCL: \ud83d\uded1 SELL SIGNAL\n  Price: Rs. 1465.0 | RSI: 35.2 | MACD: -14.24\n\u2022 CYCLP: \ud83d\uded1 SELL SIGNAL\n  Price: Rs. 831.0 | RSI: 0.0 | MACD: -1.78\n\u2022 DDBL: \ud83d\uded1 SELL SIGNAL\n  Price: Rs. 847.1 | RSI: 34.9 | MACD: 1.90\n\u2022 DLBS: \ud83d\uded1 SELL SIGNAL\n  Price: Rs. 1275.0 | RSI: 47.6 | MACD: -8.51\n\u2022 DOLTI: \ud83d\uded1 SELL SIGNAL\n  Price: Rs. 353.0 | RSI: 43.6 | MACD: -14.85\n\u2022 DORDI: \ud83d\uded1 SELL SIGNAL\n  Price: Rs. 276.9 | RSI: 45.9 | MACD: -0.64\n\u2022 EHPL: \ud83d\uded1 SELL SIGNAL\n  Price: Rs. 394.5 | RSI: 51.0 | MACD: -1.54\n\u2022 ENL: \ud83d\uded1 SELL SIGNAL\n  Price: Rs. 890.6 | RSI: 41.0 | MACD: -2.20\n\u2022 EBLD85: \ud83d\uded1 SELL SIGNAL\n  Price: Rs. 1140.0 | RSI: 42.7 | MACD: 0.22\n\u2022 EBLD91: \ud83d\uded1 SELL SIGNAL\n  Price: Rs. 1075.0 | RSI: 55.2 | MACD: 0.31\n\u2022 FMDBL: \ud83d\uded1 SELL SIGNAL\n  Price: Rs. 787.0 | RSI: 18.1 | MACD: -7.24\n\u2022 FOWAD: \ud83d\uded1 SELL SIGNAL\n  Price: Rs. 1053.5 | RSI: 38.0 | MACD: -21.65\n\u2022 FOWADP: \ud83d\uded1 SELL SIGNAL\n  Price: Rs. 660.0 | RSI: 0.0 | MACD: 0.00\n\u2022 GMFBS: \ud83d\uded1 SELL SIGNAL\n  Price: Rs. 1296.9 | RSI: 38.5 | MACD: -15.92\n\u2022 GBBLPO: \ud83d\uded1 SELL SIGNAL\n  Price: Rs. 242.0 | RSI: 0.0 | MACD: 1.01\n\u2022 GHL: \ud83d\uded1 SELL SIGNAL\n  Price: Rs. 241.6 | RSI: 43.6 | MACD: -0.26\n\u2022 GCIL: \ud83d\uded1 SELL SIGNAL\n  Price: Rs. 426.0 | RSI: 51.0 | MACD: 0.49\n\u2022 GBIMEP: \ud83d\uded1 SELL SIGNAL\n  Price: Rs. 100.0 | RSI: 0.0 | MACD: -0.00\n\u2022 GWFD83: \ud83d\uded1 SELL SIGNAL\n  Price: Rs. 1061.0 | RSI: 0.0 | MACD: -7.29\n\u2022 GBLBSP: \ud83d\uded1 SELL SIGNAL\n  Price: Rs. 0.0 | RSI: 0.0 | MACD: -0.26\n\u2022 GRDBL: \ud83d\uded1 SELL SIGNAL\n  Price: Rs. 1069.8 | RSI: 52.9 | MACD: 2.21\n\u2022 GRDBLP: \ud83d\uded1 SELL SIGNAL\n  Price: Rs. 649.\n...(truncated)","entities":[{"offset":3,"length":31,"type":"bold"},{"offset":38,"length":4,"type":"bold"},{"offset":107,"length":6,"type":"bold"},{"offset":177,"length":7,"type":"bold"},{"offset":246,"length":4,"type":"bold"},{"offset":316,"length":4,"type":"bold"},{"offset":384,"length":5,"type":"bold"},{"offset":454,"length":3,"type":"bold"},{"offset":521,"length":6,"type":"bold"},{"offset":591,"length":5,"type":"bold"},{"offset":660,"length":5,"type":"bold"},{"offset":729,"length":8,"type":"bold"},{"offset":800,"length":6,"type":"bold"},{"offset":871,"length":4,"type":"bold"},{"offset":939,"length":5,"type":"bold"},{"offset":1008,"length":3,"type":"bold"},{"offset":1085,"length":5,"type":"bold"},{"offset":1153,"length":4,"type":"bold"},{"offset":1222,"length":4,"type":"bold"},{"offset":1290,"length":3,"type":"bold"},{"offset":1361,"length":4,"type":"bold"},{"offset":1429,"length":4,"type":"bold"},{"offset":1496,"length":4,"type":"bold"},{"offset":1562,"length":4,"type":"bold"},{"offset":1632,"length":6,"type":"bold"},{"offset":1702,"length":3,"type":"bold"},{"offset":1769,"length":6,"type":"bold"},{"offset":1837,"length":4,"type":"bold"},{"offset":1905,"length":3,"type":"bold"},{"offset":1973,"length":3,"type":"bold"},{"offset":2040,"length":6,"type":"bold"},{"offset":2108,"length":5,"type":"bold"},{"offset":2177,"length":4,"type":"bold"},{"offset":2246,"length":6,"type":"bold"},{"offset":2317,"length":5,"type":"bold"},{"offset":2387,"length":5,"type":"bold"},{"offset":2457,"length":4,"type":"bold"},{"offset":2527,"length":5,"type":"bold"},{"offset":2595,"length":4,"type":"bold"},{"offset":2662,"length":4,"type":"bold"},{"offset":2731,"length":5,"type":"bold"},{"offset":2801,"length":5,"type":"bold"},{"offset":2870,"length":4,"type":"bold"},{"offset":2938,"length":3,"type":"bold"},{"offset":3005,"length":6,"type":"bold"},{"offset":3075,"length":6,"type":"bold"},{"offset":3145,"length":5,"type":"bold"},{"offset":3214,"length":5,"type":"bold"},{"offset":3285,"length":6,"type":"bold"},{"offset":3353,"length":5,"type":"bold"},{"offset":3424,"length":6,"type":"bold"},{"offset":3492,"length":3,"type":"bold"},{"offset":3559,"length":4,"type":"bold"},{"offset":3626,"length":6,"type":"bold"},{"offset":3695,"length":6,"type":"bold"},{"offset":3765,"length":6,"type":"bold"},{"offset":3832,"length":5,"type":"bold"},{"offset":3901,"length":6,"type":"bold"}]}}
🎯 Initiating MARKET-WIDE Sniper Scan...
  Fetching full security list...
🎯 Initiating MARKET-WIDE Sniper Scan...
  Fetching full security list...
🎯 Initiating MARKET-WIDE Sniper Scan...
  Fetching full security list...
🎯 Initiating MARKET-WIDE Sniper Scan...
  Fetching full security list...
  Scanning 555 symbols. This may take a few minutes...
    Progress: 10/555 stocks...
    Progress: 20/555 stocks...
    Progress: 30/555 stocks...
    Progress: 40/555 stocks...
    Progress: 50/555 stocks...
    Progress: 60/555 stocks...
    Progress: 70/555 stocks...
    Progress: 80/555 stocks...
    Progress: 90/555 stocks...
    Progress: 100/555 stocks...
    Progress: 110/555 stocks...
    Progress: 120/555 stocks...
    Progress: 130/555 stocks...
    Progress: 140/555 stocks...
    Progress: 150/555 stocks...
    Progress: 160/555 stocks...
    Progress: 170/555 stocks...
    Progress: 180/555 stocks...
    Progress: 190/555 stocks...
    Progress: 200/555 stocks...
    Progress: 210/555 stocks...
    Progress: 220/555 stocks...
    Progress: 230/555 stocks...
    Progress: 240/555 stocks...
    Progress: 250/555 stocks...
    Progress: 260/555 stocks...
    Progress: 270/555 stocks...
    Progress: 280/555 stocks...
    Progress: 290/555 stocks...
    Progress: 300/555 stocks...
    Progress: 310/555 stocks...
    Progress: 320/555 stocks...
    Progress: 330/555 stocks...
    Progress: 340/555 stocks...
    Progress: 350/555 stocks...
    Progress: 360/555 stocks...
    Progress: 370/555 stocks...
    Progress: 380/555 stocks...
    Progress: 390/555 stocks...
    Progress: 400/555 stocks...
    Progress: 410/555 stocks...
    Progress: 420/555 stocks...
    Progress: 430/555 stocks...
    Progress: 440/555 stocks...
    Progress: 450/555 stocks...
    Progress: 460/555 stocks...
    Progress: 470/555 stocks...
    Progress: 480/555 stocks...
    Progress: 490/555 stocks...
    Progress: 500/555 stocks...
    Progress: 510/555 stocks...
    Progress: 520/555 stocks...
    Progress: 530/555 stocks...
    Progress: 540/555 stocks...
    Progress: 550/555 stocks...

✅ Scan Finished.
🎯 Initiating MARKET-WIDE Sniper Scan...
  Fetching full security list...
  Scanning 0 symbols. This may take a few minutes...

✅ Scan Finished.
{"ok":true,"result":{"message_id":285,"from":{"id":8618135314,"is_bot":true,"first_name":"\u0410\u0415\u0417\u0410\u041a\u041c\u0418","username":"jbbl_whale_bot"},"chat":{"id":8563709547,"first_name":"insight","last_name":"xnepal","type":"private"},"date":1780896785,"text":"\ud83c\udfaf MARKET SNIPER: BUY/SELL SIGNALS\n\nAll stocks are currently NEUTRAL \ud83d\udca4","entities":[{"offset":3,"length":31,"type":"bold"},{"offset":61,"length":7,"type":"bold"}]}}
🎯 Initiating MARKET-WIDE Sniper Scan...
  Fetching full security list...
  Scanning 556 symbols. This may take a few minutes...
    Progress: 10/556 stocks...
    Progress: 20/556 stocks...
    Progress: 30/556 stocks...
    Progress: 40/556 stocks...
    Progress: 50/556 stocks...
    Progress: 60/556 stocks...
    Progress: 70/556 stocks...
    Progress: 80/556 stocks...
    Progress: 90/556 stocks...
    Progress: 100/556 stocks...
    Progress: 110/556 stocks...
    Progress: 120/556 stocks...
    Progress: 130/556 stocks...
    Progress: 140/556 stocks...
    Progress: 150/556 stocks...
    Progress: 160/556 stocks...
    Progress: 170/556 stocks...
    Progress: 180/556 stocks...
    Progress: 190/556 stocks...
    Progress: 200/556 stocks...
    Progress: 210/556 stocks...
    Progress: 220/556 stocks...
    Progress: 230/556 stocks...
    Progress: 240/556 stocks...
    Progress: 250/556 stocks...
    Progress: 260/556 stocks...
    Progress: 270/556 stocks...
    Progress: 280/556 stocks...
    Progress: 290/556 stocks...
    Progress: 300/556 stocks...
    Progress: 310/556 stocks...
    Progress: 320/556 stocks...
    Progress: 330/556 stocks...
    Progress: 340/556 stocks...
    Progress: 350/556 stocks...
    Progress: 360/556 stocks...
    Progress: 370/556 stocks...
    Progress: 380/556 stocks...
    Progress: 390/556 stocks...
    Progress: 400/556 stocks...
    Progress: 410/556 stocks...
    Progress: 420/556 stocks...
    Progress: 430/556 stocks...
    Progress: 440/556 stocks...
    Progress: 450/556 stocks...
    Progress: 460/556 stocks...
    Progress: 470/556 stocks...
    Progress: 480/556 stocks...
    Progress: 490/556 stocks...
    Progress: 500/556 stocks...
    Progress: 510/556 stocks...
    Progress: 520/556 stocks...
    Progress: 530/556 stocks...
    Progress: 540/556 stocks...
    Progress: 550/556 stocks...

✅ Scan Finished.
